<?xml version="1.0" encoding="UTF-8"?>
<!-- Generated by org.testng.reporters.JUnitReportReporter -->
<testsuite hostname="Tapank.local" name="com.crm.qa.tests.HomePageTest" tests="2" failures="0" timestamp="30 Jul 2019 09:10:09 GMT" time="31.637" errors="0">
  <testcase name="verifyUserNameTest" time="16.712" classname="com.crm.qa.tests.HomePageTest"/>
  <testcase name="verifyHomePageTitleTest" time="14.925" classname="com.crm.qa.tests.HomePageTest"/>
</testsuite> <!-- com.crm.qa.tests.HomePageTest -->
