<?xml version="1.0" encoding="UTF-8"?>
<!-- Generated by org.testng.reporters.JUnitReportReporter -->
<testsuite hostname="Tapank.local" name="com.crm.qa.tests.LoginTest" tests="3" failures="0" timestamp="29 Jul 2019 11:58:15 GMT" time="33.188" errors="0">
  <testcase name="loginTest" time="14.726" classname="com.crm.qa.tests.LoginTest"/>
  <testcase name="loginPageTitleTest" time="9.022" classname="com.crm.qa.tests.LoginTest"/>
  <testcase name="crmImageTest" time="9.440" classname="com.crm.qa.tests.LoginTest"/>
</testsuite> <!-- com.crm.qa.tests.LoginTest -->
